<?xml version="1.0" encoding="UTF-8"?>
<testsuite xmlns:xsi="http://www.w3.org/2001/XMLSchema-instance" xsi:noNamespaceSchemaLocation="https://maven.apache.org/surefire/maven-surefire-plugin/xsd/surefire-test-report-3.0.xsd" version="3.0" name="epam.lab7.ut.CalcTest" time="0.223" tests="10" errors="0" skipped="0" failures="0">
  <properties>
[...]
</properties>
  <testcase name="shouldBePowException" classname="epam.lab7.ut.CalcTest" time="0.022"/>
  <testcase name="shouldBeSumException" classname="epam.lab7.ut.CalcTest" time="0.0"/>
  <testcase name="shouldBeMinusException" classname="epam.lab7.ut.CalcTest" time="0.0"/>
  <testcase name="shouldBeMultException" classname="epam.lab7.ut.CalcTest" time="0.001"/>
  <testcase name="shouldBeFoundDiv" classname="epam.lab7.ut.CalcTest" time="0.001"/>
  <testcase name="shouldBeFoundSum" classname="epam.lab7.ut.CalcTest" time="0.001"/>
  <testcase name="shouldBeDivException" classname="epam.lab7.ut.CalcTest" time="0.002"/>
  <testcase name="shouldBePow" classname="epam.lab7.ut.CalcTest" time="0.001"/>
  <testcase name="shouldBeFoundMult" classname="epam.lab7.ut.CalcTest" time="0.001"/>
  <testcase name="shouldBeFoundMinus" classname="epam.lab7.ut.CalcTest" time="0.001"/>
</testsuite>