GROUP,PACKAGE,CLASS,INSTRUCTION_MISSED,INSTRUCTION_COVERED,BRANCH_MISSED,BRANCH_COVERED,LINE_MISSED,LINE_COVERED,COMPLEXITY_MISSED,COMPLEXITY_COVERED,METHOD_MISSED,METHOD_COVERED
lab7,epam.lab7.ut,Calculator,15,87,5,17,2,19,4,13,0,6
lab7,epam.lab7.ut.exceptions,ExpressionException,4,5,0,0,2,2,1,1,1,1
lab7,epam.lab7.ut.exceptions,MinusExpressionException,4,5,0,0,2,2,1,1,1,1
lab7,epam.lab7.ut.exceptions,DivExpressionException,4,5,0,0,2,2,1,1,1,1
lab7,epam.lab7.ut.exceptions,MultExpressionException,4,5,0,0,2,2,1,1,1,1
lab7,epam.lab7.ut.exceptions,SumExpressionException,4,5,0,0,2,2,1,1,1,1
